Using pre-set license
Built from '2020.3/staging' branch; Version is '2020.3.9f1 (108be757e447) revision 1084391'; Using compiler version '192528614'; Build Type 'Release'
OS: 'Windows 10 Home Single Language; OS build 22000.1098; Version 2009; 64bit' Language: 'tr' Physical Memory: 8077 MB
BatchMode: 1, IsHumanControllingUs: 0, StartBugReporterOnCrash: 0, Is64bit: 1, IsPro: 0

 COMMAND LINE ARGUMENTS:
C:\Program Files\Unity\Hub\Editor\2020.3.9f1\Editor\Unity.exe
-adb2
-batchMode
-noUpm
-name
AssetImportWorker0
-projectPath
C:/Users/Caner/Desktop/CanerDosya/Helix Jump Clone
-logFile
Logs/AssetImportWorker0.log
-srvPort
53929
Successfully changed project path to: C:/Users/Caner/Desktop/CanerDosya/Helix Jump Clone
C:/Users/Caner/Desktop/CanerDosya/Helix Jump Clone
Using Asset Import Pipeline V2.
Refreshing native plugins compatible for Editor in 28.31 ms, found 0 plugins.
Preloading 0 native plugins for Editor in 0.00 ms.
Initialize engine version: 2020.3.9f1 (108be757e447)
[Subsystems] Discovering subsystems at path C:/Program Files/Unity/Hub/Editor/2020.3.9f1/Editor/Data/Resources/UnitySubsystems
[Subsystems] Discovering subsystems at path C:/Users/Caner/Desktop/CanerDosya/Helix Jump Clone/Assets
GfxDevice: creating device client; threaded=0
Direct3D:
    Version:  Direct3D 11.0 [level 11.1]
    Renderer: Radeon(TM) 520 (ID=0x6660)
    Vendor:   
    VRAM:     2039 MB
    Driver:   22.19.128.3
Initialize mono
Mono path[0] = 'C:/Program Files/Unity/Hub/Editor/2020.3.9f1/Editor/Data/Managed'
Mono path[1] = 'C:/Program Files/Unity/Hub/Editor/2020.3.9f1/Editor/Data/MonoBleedingEdge/lib/mono/unityjit'
Mono config path = 'C:/Program Files/Unity/Hub/Editor/2020.3.9f1/Editor/Data/MonoBleedingEdge/etc'
Using monoOptions --debugger-agent=transport=dt_socket,embedding=1,server=y,suspend=n,address=127.0.0.1:56172
Begin MonoManager ReloadAssembly
Registering precompiled unity dll's ...
Register platform support module: C:/Program Files/Unity/Hub/Editor/2020.3.9f1/Editor/Data/PlaybackEngines/WebGLSupport/UnityEditor.WebGL.Extensions.dll
Register platform support module: C:/Program Files/Unity/Hub/Editor/2020.3.9f1/Editor/Data/PlaybackEngines/WindowsStandaloneSupport/UnityEditor.WindowsStandalone.Extensions.dll
Registered in 0.003189 seconds.
Native extension for WindowsStandalone target not found
Native extension for WebGL target not found
Refreshing native plugins compatible for Editor in 26.93 ms, found 0 plugins.
Preloading 0 native plugins for Editor in 0.00 ms.
Mono: successfully reloaded assembly
- Completed reload, in  2.553 seconds
Platform modules already initialized, skipping
Registering precompiled user dll's ...
Registered in 0.000932 seconds.
Begin MonoManager ReloadAssembly
Native extension for WindowsStandalone target not found
Native extension for WebGL target not found
Refreshing native plugins compatible for Editor in 0.22 ms, found 0 plugins.
Preloading 0 native plugins for Editor in 0.00 ms.
Mono: successfully reloaded assembly
- Completed reload, in  0.959 seconds
Platform modules already initialized, skipping
========================================================================
Worker process is ready to serve import requests
Launched and connected shader compiler UnityShaderCompiler.exe after 0.05 seconds
Refreshing native plugins compatible for Editor in 0.43 ms, found 0 plugins.
Preloading 0 native plugins for Editor in 0.00 ms.
Unloading 1121 Unused Serialized files (Serialized files now loaded: 0)
System memory in use before: 57.4 MB.
System memory in use after: 57.5 MB.

Unloading 10 unused Assets to reduce memory usage. Loaded Objects now: 1564.
Total: 2.063000 ms (FindLiveObjects: 0.132700 ms CreateObjectMapping: 0.038800 ms MarkObjects: 1.792500 ms  DeleteObjects: 0.097800 ms)

========================================================================
Received Import Request.
  path: Assets/Scripts/ScoreCheck.cs
  artifactKey: Guid(1293cbe1ce229314cb9d1f399fe809cf) Importer(815301076,1909f56bfc062723c751e8b465ee728b)
Start importing Assets/Scripts/ScoreCheck.cs using Guid(1293cbe1ce229314cb9d1f399fe809cf) Importer(815301076,1909f56bfc062723c751e8b465ee728b)  -> (artifact id: 'dff12c80ba4ef63c4a58662a6b3fbdd2') in 0.039861 seconds
  Import took 0.041916 seconds .

========================================================================
Received Import Request.
  Time since last request: 0.000344 seconds.
  path: Assets/Scripts/PlatformController.cs
  artifactKey: Guid(10e208aa01856b245ad4da595ee97f9b) Importer(815301076,1909f56bfc062723c751e8b465ee728b)
Start importing Assets/Scripts/PlatformController.cs using Guid(10e208aa01856b245ad4da595ee97f9b) Importer(815301076,1909f56bfc062723c751e8b465ee728b)  -> (artifact id: '11b532c9dde71334a47b60bab3680df8') in 0.003731 seconds
  Import took 0.005647 seconds .

========================================================================
Received Import Request.
  Time since last request: 0.000329 seconds.
  path: Assets/Scripts/GameOver.cs
  artifactKey: Guid(08a7e06aab80d444b8234053e38e0668) Importer(815301076,1909f56bfc062723c751e8b465ee728b)
Start importing Assets/Scripts/GameOver.cs using Guid(08a7e06aab80d444b8234053e38e0668) Importer(815301076,1909f56bfc062723c751e8b465ee728b)  -> (artifact id: 'efd962f0435b36696d48a2f02385a711') in 0.004484 seconds
  Import took 0.006622 seconds .

========================================================================
Received Import Request.
  Time since last request: 1.921039 seconds.
  path: Assets/Scripts/BallController.cs
  artifactKey: Guid(1fbf984fdfa34824592849a0631e16db) Importer(815301076,1909f56bfc062723c751e8b465ee728b)
Start importing Assets/Scripts/BallController.cs using Guid(1fbf984fdfa34824592849a0631e16db) Importer(815301076,1909f56bfc062723c751e8b465ee728b)  -> (artifact id: '1d690d4f37406e93a730b246d58e00bc') in 0.012633 seconds
  Import took 0.017451 seconds .

========================================================================
Received Import Request.
  Time since last request: 0.002514 seconds.
  path: Assets/Scripts/BallController.cs
  artifactKey: Guid(1fbf984fdfa34824592849a0631e16db) Importer(815301076,1909f56bfc062723c751e8b465ee728b)
Start importing Assets/Scripts/BallController.cs using Guid(1fbf984fdfa34824592849a0631e16db) Importer(815301076,1909f56bfc062723c751e8b465ee728b)  -> (artifact id: '1d690d4f37406e93a730b246d58e00bc') in 0.003925 seconds
  Import took 0.006798 seconds .

========================================================================
Received Prepare
Refreshing native plugins compatible for Editor in 1.80 ms, found 0 plugins.
Preloading 0 native plugins for Editor in 0.00 ms.
Unloading 3 Unused Serialized files (Serialized files now loaded: 0)
System memory in use before: 35.1 MB.
System memory in use after: 35.2 MB.

Unloading 3 unused Assets to reduce memory usage. Loaded Objects now: 1564.
Total: 2.241400 ms (FindLiveObjects: 0.182500 ms CreateObjectMapping: 0.037700 ms MarkObjects: 1.953400 ms  DeleteObjects: 0.066800 ms)

AssetImportWorkerClient::OnTransportError - code=2 error=End of file
