Using pre-set license
Built from '2020.3/staging' branch; Version is '2020.3.9f1 (108be757e447) revision 1084391'; Using compiler version '192528614'; Build Type 'Release'
OS: 'Windows 10 Home Single Language; OS build 22000.978; Version 2009; 64bit' Language: 'tr' Physical Memory: 8077 MB
BatchMode: 1, IsHumanControllingUs: 0, StartBugReporterOnCrash: 0, Is64bit: 1, IsPro: 0

 COMMAND LINE ARGUMENTS:
C:\Program Files\Unity\Hub\Editor\2020.3.9f1\Editor\Unity.exe
-adb2
-batchMode
-noUpm
-name
AssetImportWorker0
-projectPath
C:/Users/Caner/Desktop/CanerDosya/Helix Jump Clone
-logFile
Logs/AssetImportWorker0.log
-srvPort
53613
Successfully changed project path to: C:/Users/Caner/Desktop/CanerDosya/Helix Jump Clone
C:/Users/Caner/Desktop/CanerDosya/Helix Jump Clone
Using Asset Import Pipeline V2.
Refreshing native plugins compatible for Editor in 30.88 ms, found 0 plugins.
Preloading 0 native plugins for Editor in 0.00 ms.
Initialize engine version: 2020.3.9f1 (108be757e447)
[Subsystems] Discovering subsystems at path C:/Program Files/Unity/Hub/Editor/2020.3.9f1/Editor/Data/Resources/UnitySubsystems
[Subsystems] Discovering subsystems at path C:/Users/Caner/Desktop/CanerDosya/Helix Jump Clone/Assets
GfxDevice: creating device client; threaded=0
Direct3D:
    Version:  Direct3D 11.0 [level 11.1]
    Renderer: Radeon(TM) 520 (ID=0x6660)
    Vendor:   
    VRAM:     2039 MB
    Driver:   22.19.128.3
Initialize mono
Mono path[0] = 'C:/Program Files/Unity/Hub/Editor/2020.3.9f1/Editor/Data/Managed'
Mono path[1] = 'C:/Program Files/Unity/Hub/Editor/2020.3.9f1/Editor/Data/MonoBleedingEdge/lib/mono/unityjit'
Mono config path = 'C:/Program Files/Unity/Hub/Editor/2020.3.9f1/Editor/Data/MonoBleedingEdge/etc'
Using monoOptions --debugger-agent=transport=dt_socket,embedding=1,server=y,suspend=n,address=127.0.0.1:56584
Begin MonoManager ReloadAssembly
Registering precompiled unity dll's ...
Register platform support module: C:/Program Files/Unity/Hub/Editor/2020.3.9f1/Editor/Data/PlaybackEngines/WebGLSupport/UnityEditor.WebGL.Extensions.dll
Register platform support module: C:/Program Files/Unity/Hub/Editor/2020.3.9f1/Editor/Data/PlaybackEngines/WindowsStandaloneSupport/UnityEditor.WindowsStandalone.Extensions.dll
Registered in 0.003553 seconds.
Native extension for WindowsStandalone target not found
Native extension for WebGL target not found
Refreshing native plugins compatible for Editor in 35.70 ms, found 0 plugins.
Preloading 0 native plugins for Editor in 0.00 ms.
Mono: successfully reloaded assembly
- Completed reload, in  2.892 seconds
Platform modules already initialized, skipping
Registering precompiled user dll's ...
Registered in 0.001103 seconds.
Begin MonoManager ReloadAssembly
Native extension for WindowsStandalone target not found
Native extension for WebGL target not found
Refreshing native plugins compatible for Editor in 0.23 ms, found 0 plugins.
Preloading 0 native plugins for Editor in 0.00 ms.
Mono: successfully reloaded assembly
- Completed reload, in  1.162 seconds
Platform modules already initialized, skipping
========================================================================
Worker process is ready to serve import requests
Launched and connected shader compiler UnityShaderCompiler.exe after 0.05 seconds
Refreshing native plugins compatible for Editor in 0.29 ms, found 0 plugins.
Preloading 0 native plugins for Editor in 0.00 ms.
Unloading 1121 Unused Serialized files (Serialized files now loaded: 0)
System memory in use before: 57.4 MB.
System memory in use after: 57.5 MB.

Unloading 10 unused Assets to reduce memory usage. Loaded Objects now: 1564.
Total: 1.779300 ms (FindLiveObjects: 0.151000 ms CreateObjectMapping: 0.056400 ms MarkObjects: 1.474800 ms  DeleteObjects: 0.095800 ms)

========================================================================
Received Import Request.
  path: Assets/Scripts/CameraSettings.cs
  artifactKey: Guid(e8ab0d0d26565a34285871706ee63396) Importer(815301076,1909f56bfc062723c751e8b465ee728b)
Start importing Assets/Scripts/CameraSettings.cs using Guid(e8ab0d0d26565a34285871706ee63396) Importer(815301076,1909f56bfc062723c751e8b465ee728b)  -> (artifact id: '4ffb5a8204e65b3c5681d6299969f7c9') in 0.035946 seconds
  Import took 0.038100 seconds .

========================================================================
Received Prepare
Registering precompiled user dll's ...
Registered in 0.001280 seconds.
Begin MonoManager ReloadAssembly
Native extension for WindowsStandalone target not found
Native extension for WebGL target not found
Refreshing native plugins compatible for Editor in 0.28 ms, found 0 plugins.
Preloading 0 native plugins for Editor in 0.00 ms.
Mono: successfully reloaded assembly
- Completed reload, in  1.015 seconds
Platform modules already initialized, skipping
Switching build target platform(19) subTarget(0) extendedPlatform(0) -> platform(13) subTarget(589824) extendedPlatform(0)
Refreshing native plugins compatible for Editor in 0.21 ms, found 0 plugins.
Preloading 0 native plugins for Editor in 0.00 ms.
Unloading 1119 Unused Serialized files (Serialized files now loaded: 0)
System memory in use before: 57.3 MB.
System memory in use after: 57.4 MB.

Unloading 5 unused Assets to reduce memory usage. Loaded Objects now: 1567.
Total: 2.009200 ms (FindLiveObjects: 0.137400 ms CreateObjectMapping: 0.038900 ms MarkObjects: 1.705400 ms  DeleteObjects: 0.126500 ms)

AssetImportParameters requested are different than current active one (requested -> active):
  custom:graphics/normal-map-encoding: 01000000000000000000000000000000 -> 02000000000000000000000000000000
========================================================================
Received Import Request.
  Time since last request: 680.466245 seconds.
  path: Assets/Endless Helix Jumper/Prefabs/Cylinder Base Configured.prefab
  artifactKey: Guid(7c1b3e78f43fc1745ba5cde64906bdf7) Importer(815301076,1909f56bfc062723c751e8b465ee728b)
Start importing Assets/Endless Helix Jumper/Prefabs/Cylinder Base Configured.prefab using Guid(7c1b3e78f43fc1745ba5cde64906bdf7) Importer(815301076,1909f56bfc062723c751e8b465ee728b)  -> (artifact id: '578b2e0100f2d04afe5a2360cf6e865d') in 0.121921 seconds
  Import took 0.126854 seconds .

========================================================================
Received Import Request.
  Time since last request: 24.592114 seconds.
  path: Assets/Graphics
  artifactKey: Guid(f8fc36c374eced247bcd29b129d27b43) Importer(815301076,1909f56bfc062723c751e8b465ee728b)
Start importing Assets/Graphics using Guid(f8fc36c374eced247bcd29b129d27b43) Importer(815301076,1909f56bfc062723c751e8b465ee728b)  -> (artifact id: '75cfc03e291d3364f2d3c209e485196b') in 0.005795 seconds
  Import took 0.016262 seconds .

========================================================================
Received Import Request.
  Time since last request: 3.892544 seconds.
  path: Assets/Graphics/bitmap.png
  artifactKey: Guid(bd1152197ba02bc47b4aa96a81893ab5) Importer(815301076,1909f56bfc062723c751e8b465ee728b)
Start importing Assets/Graphics/bitmap.png using Guid(bd1152197ba02bc47b4aa96a81893ab5) Importer(815301076,1909f56bfc062723c751e8b465ee728b)  -> (artifact id: '29fad9959908822e9def9e81933790cd') in 0.085793 seconds
  Import took 0.089526 seconds .

========================================================================
Received Import Request.
  Time since last request: 8.524858 seconds.
  path: Assets/Graphics/bitmap.png
  artifactKey: Guid(bd1152197ba02bc47b4aa96a81893ab5) Importer(815301076,1909f56bfc062723c751e8b465ee728b)
Start importing Assets/Graphics/bitmap.png using Guid(bd1152197ba02bc47b4aa96a81893ab5) Importer(815301076,1909f56bfc062723c751e8b465ee728b)  -> (artifact id: '0d2b52a75a36f6fd558eb7116853aa7e') in 0.044262 seconds
  Import took 0.046985 seconds .

========================================================================
Received Import Request.
  Time since last request: 0.000978 seconds.
  path: Assets/Graphics/bitmap.png
  artifactKey: Guid(bd1152197ba02bc47b4aa96a81893ab5) Importer(815301076,1909f56bfc062723c751e8b465ee728b)
Start importing Assets/Graphics/bitmap.png using Guid(bd1152197ba02bc47b4aa96a81893ab5) Importer(815301076,1909f56bfc062723c751e8b465ee728b)  -> (artifact id: '0d2b52a75a36f6fd558eb7116853aa7e') in 0.024351 seconds
  Import took 0.027510 seconds .

========================================================================
Received Prepare
Registering precompiled user dll's ...
Registered in 0.001306 seconds.
Begin MonoManager ReloadAssembly
Native extension for WindowsStandalone target not found
Native extension for WebGL target not found
Refreshing native plugins compatible for Editor in 0.23 ms, found 0 plugins.
Preloading 0 native plugins for Editor in 0.00 ms.
Mono: successfully reloaded assembly
- Completed reload, in  0.954 seconds
Platform modules already initialized, skipping
Switching build target platform(19) subTarget(0) extendedPlatform(0) -> platform(13) subTarget(589824) extendedPlatform(0)
Refreshing native plugins compatible for Editor in 0.21 ms, found 0 plugins.
Preloading 0 native plugins for Editor in 0.00 ms.
Unloading 1119 Unused Serialized files (Serialized files now loaded: 0)
System memory in use before: 60.5 MB.
System memory in use after: 60.6 MB.

Unloading 5 unused Assets to reduce memory usage. Loaded Objects now: 1581.
Total: 2.563700 ms (FindLiveObjects: 0.135300 ms CreateObjectMapping: 0.069500 ms MarkObjects: 2.300300 ms  DeleteObjects: 0.057300 ms)

AssetImportParameters requested are different than current active one (requested -> active):
  custom:graphics/normal-map-encoding: 01000000000000000000000000000000 -> 02000000000000000000000000000000
AssetImportWorkerClient::OnTransportError - code=2 error=End of file
